# JRE version: OpenJDK Runtime Environment Temurin-17.0.7+7 (17.0.7+7) (build 17.0.7+7)
# Java VM: OpenJDK 64-Bit Server VM Temurin-17.0.7+7 (17.0.7+7, mixed mode, sharing, tiered, compressed oops, compressed class ptrs, g1 gc, windows-amd64)
GC Precious Log:
 CPUs: 16 total, 16 available
 Memory: 16060M
 Large Page Support: Disabled
 NUMA Support: Disabled
 Compressed Oops: Enabled (Zero based)
 Heap Region Size: 2M
 Heap Min Capacity: 512M
 Heap Initial Capacity: 512M
 Heap Max Capacity: 4072M
 Pre-touch: Disabled
 Parallel Workers: 13
 Concurrent Workers: 3
 Concurrent Refinement Workers: 13
 Periodic GC: Disabled
 String Deduplication is enabled
Heap:
 garbage-first heap   total 608256K, used 209227K [0x0000000701800000, 0x0000000800000000)
  region size 2048K, 14 young (28672K), 1 survivors (2048K)
 Metaspace       used 101263K, committed 102208K, reserved 1179648K
  class space    used 13844K, committed 14336K, reserved 1048576K
GC Heap History (20 events):
Event: 4618.963 GC heap before
{Heap before GC invocations=1191 (full 903):
 garbage-first heap   total 608256K, used 197706K [0x0000000701800000, 0x0000000800000000)
  region size 2048K, 4 young (8192K), 0 survivors (0K)
 Metaspace       used 101172K, committed 102144K, reserved 1179648K
  class space    used 13844K, committed 14336K, reserved 1048576K
}
Event: 4619.067 GC heap after
{Heap after GC invocations=1192 (full 904):
 garbage-first heap   total 608256K, used 183372K [0x0000000701800000, 0x0000000800000000)
  region size 2048K, 0 young (0K), 0 survivors (0K)
 Metaspace       used 101172K, committed 102144K, reserved 1179648K
  class space    used 13844K, committed 14336K, reserved 1048576K
}
Event: 4684.032 GC heap before
{Heap before GC invocations=1192 (full 904):
 garbage-first heap   total 608256K, used 265292K [0x0000000701800000, 0x0000000800000000)
  region size 2048K, 40 young (81920K), 0 survivors (0K)
 Metaspace       used 101172K, committed 102144K, reserved 1179648K
  class space    used 13844K, committed 14336K, reserved 1048576K
}
Event: 4684.042 GC heap after
{Heap after GC invocations=1193 (full 904):
 garbage-first heap   total 608256K, used 185387K [0x0000000701800000, 0x0000000800000000)
  region size 2048K, 1 young (2048K), 1 survivors (2048K)
 Metaspace       used 101172K, committed 102144K, reserved 1179648K
  class space    used 13844K, committed 14336K, reserved 1048576K
}
Event: 4701.369 GC heap before
{Heap before GC invocations=1193 (full 904):
 garbage-first heap   total 608256K, used 265259K [0x0000000701800000, 0x0000000800000000)
  region size 2048K, 40 young (81920K), 1 survivors (2048K)
 Metaspace       used 101173K, committed 102144K, reserved 1179648K
  class space    used 13844K, committed 14336K, reserved 1048576K
}
Event: 4701.375 GC heap after
{Heap after GC invocations=1194 (full 904):
 garbage-first heap   total 608256K, used 184229K [0x0000000701800000, 0x0000000800000000)
  region size 2048K, 1 young (2048K), 1 survivors (2048K)
 Metaspace       used 101173K, committed 102144K, reserved 1179648K
  class space    used 13844K, committed 14336K, reserved 1048576K
}
Event: 4796.459 GC heap before
{Heap before GC invocations=1194 (full 904):
 garbage-first heap   total 608256K, used 264101K [0x0000000701800000, 0x0000000800000000)
  region size 2048K, 40 young (81920K), 1 survivors (2048K)
 Metaspace       used 101178K, committed 102144K, reserved 1179648K
  class space    used 13844K, committed 14336K, reserved 1048576K
}
Event: 4796.468 GC heap after
{Heap after GC invocations=1195 (full 904):
 garbage-first heap   total 608256K, used 184666K [0x0000000701800000, 0x0000000800000000)
  region size 2048K, 1 young (2048K), 1 survivors (2048K)
 Metaspace       used 101178K, committed 102144K, reserved 1179648K
  class space    used 13844K, committed 14336K, reserved 1048576K
}
Event: 4802.470 GC heap before
{Heap before GC invocations=1195 (full 904):
 garbage-first heap   total 608256K, used 264538K [0x0000000701800000, 0x0000000800000000)
  region size 2048K, 40 young (81920K), 1 survivors (2048K)
 Metaspace       used 101196K, committed 102144K, reserved 1179648K
  class space    used 13844K, committed 14336K, reserved 1048576K
}
Event: 4802.476 GC heap after
{Heap after GC invocations=1196 (full 904):
 garbage-first heap   total 608256K, used 184566K [0x0000000701800000, 0x0000000800000000)
  region size 2048K, 1 young (2048K), 1 survivors (2048K)
 Metaspace       used 101196K, committed 102144K, reserved 1179648K
  class space    used 13844K, committed 14336K, reserved 1048576K
}
Event: 4806.493 GC heap before
{Heap before GC invocations=1196 (full 904):
 garbage-first heap   total 608256K, used 264438K [0x0000000701800000, 0x0000000800000000)
  region size 2048K, 40 young (81920K), 1 survivors (2048K)
 Metaspace       used 101211K, committed 102144K, reserved 1179648K
  class space    used 13844K, committed 14336K, reserved 1048576K
}
Event: 4806.500 GC heap after
{Heap after GC invocations=1197 (full 904):
 garbage-first heap   total 608256K, used 184259K [0x0000000701800000, 0x0000000800000000)
  region size 2048K, 1 young (2048K), 1 survivors (2048K)
 Metaspace       used 101211K, committed 102144K, reserved 1179648K
  class space    used 13844K, committed 14336K, reserved 1048576K
}
Event: 4812.517 GC heap before
{Heap before GC invocations=1197 (full 904):
 garbage-first heap   total 608256K, used 264131K [0x0000000701800000, 0x0000000800000000)
  region size 2048K, 40 young (81920K), 1 survivors (2048K)
 Metaspace       used 101216K, committed 102144K, reserved 1179648K
  class space    used 13844K, committed 14336K, reserved 1048576K
}
Event: 4812.524 GC heap after
{Heap after GC invocations=1198 (full 904):
 garbage-first heap   total 608256K, used 184501K [0x0000000701800000, 0x0000000800000000)
  region size 2048K, 1 young (2048K), 1 survivors (2048K)
 Metaspace       used 101216K, committed 102144K, reserved 1179648K
  class space    used 13844K, committed 14336K, reserved 1048576K
}
Event: 4816.534 GC heap before
{Heap before GC invocations=1198 (full 904):
 garbage-first heap   total 608256K, used 264373K [0x0000000701800000, 0x0000000800000000)
  region size 2048K, 40 young (81920K), 1 survivors (2048K)
 Metaspace       used 101221K, committed 102208K, reserved 1179648K
  class space    used 13844K, committed 14336K, reserved 1048576K
}
Event: 4816.540 GC heap after
{Heap after GC invocations=1199 (full 904):
 garbage-first heap   total 608256K, used 184403K [0x0000000701800000, 0x0000000800000000)
  region size 2048K, 1 young (2048K), 1 survivors (2048K)
 Metaspace       used 101221K, committed 102208K, reserved 1179648K
  class space    used 13844K, committed 14336K, reserved 1048576K
}
Event: 4840.707 GC heap before
{Heap before GC invocations=1199 (full 904):
 garbage-first heap   total 608256K, used 264275K [0x0000000701800000, 0x0000000800000000)
  region size 2048K, 40 young (81920K), 1 survivors (2048K)
 Metaspace       used 101231K, committed 102208K, reserved 1179648K
  class space    used 13844K, committed 14336K, reserved 1048576K
}
Event: 4840.713 GC heap after
{Heap after GC invocations=1200 (full 904):
 garbage-first heap   total 608256K, used 184685K [0x0000000701800000, 0x0000000800000000)
  region size 2048K, 1 young (2048K), 1 survivors (2048K)
 Metaspace       used 101231K, committed 102208K, reserved 1179648K
  class space    used 13844K, committed 14336K, reserved 1048576K
}
Event: 4844.780 GC heap before
{Heap before GC invocations=1200 (full 904):
 garbage-first heap   total 608256K, used 264557K [0x0000000701800000, 0x0000000800000000)
  region size 2048K, 40 young (81920K), 1 survivors (2048K)
 Metaspace       used 101263K, committed 102208K, reserved 1179648K
  class space    used 13844K, committed 14336K, reserved 1048576K
}
Event: 4844.786 GC heap after
{Heap after GC invocations=1201 (full 904):
 garbage-first heap   total 608256K, used 184651K [0x0000000701800000, 0x0000000800000000)
  region size 2048K, 1 young (2048K), 1 survivors (2048K)
 Metaspace       used 101263K, committed 102208K, reserved 1179648K
  class space    used 13844K, committed 14336K, reserved 1048576K
}

