# JRE version: OpenJDK Runtime Environment Temurin-17.0.7+7 (17.0.7+7) (build 17.0.7+7)
# Java VM: OpenJDK 64-Bit Server VM Temurin-17.0.7+7 (17.0.7+7, mixed mode, sharing, tiered, compressed oops, compressed class ptrs, g1 gc, windows-amd64)
GC Precious Log:
 CPUs: 16 total, 16 available
 Memory: 16060M
 Large Page Support: Disabled
 NUMA Support: Disabled
 Compressed Oops: Enabled (Zero based)
 Heap Region Size: 2M
 Heap Min Capacity: 512M
 Heap Initial Capacity: 512M
 Heap Max Capacity: 4072M
 Pre-touch: Disabled
 Parallel Workers: 13
 Concurrent Workers: 3
 Concurrent Refinement Workers: 13
 Periodic GC: Disabled
 String Deduplication is enabled
Heap:
 garbage-first heap   total 524288K, used 140670K [0x0000000701800000, 0x0000000800000000)
  region size 2048K, 29 young (59392K), 2 survivors (4096K)
 Metaspace       used 84665K, committed 85376K, reserved 1179648K
  class space    used 11680K, committed 12032K, reserved 1048576K
GC Heap History (20 events):
Event: 404.577 GC heap before
{Heap before GC invocations=64 (full 2):
 garbage-first heap   total 524288K, used 164671K [0x0000000701800000, 0x0000000800000000)
  region size 2048K, 40 young (81920K), 2 survivors (4096K)
 Metaspace       used 84376K, committed 85120K, reserved 1179648K
  class space    used 11665K, committed 12032K, reserved 1048576K
}
Event: 404.582 GC heap after
{Heap after GC invocations=65 (full 2):
 garbage-first heap   total 524288K, used 86881K [0x0000000701800000, 0x0000000800000000)
  region size 2048K, 2 young (4096K), 2 survivors (4096K)
 Metaspace       used 84376K, committed 85120K, reserved 1179648K
  class space    used 11665K, committed 12032K, reserved 1048576K
}
Event: 406.612 GC heap before
{Heap before GC invocations=65 (full 2):
 garbage-first heap   total 524288K, used 164705K [0x0000000701800000, 0x0000000800000000)
  region size 2048K, 40 young (81920K), 2 survivors (4096K)
 Metaspace       used 84389K, committed 85120K, reserved 1179648K
  class space    used 11665K, committed 12032K, reserved 1048576K
}
Event: 406.617 GC heap after
{Heap after GC invocations=66 (full 2):
 garbage-first heap   total 524288K, used 87079K [0x0000000701800000, 0x0000000800000000)
  region size 2048K, 2 young (4096K), 2 survivors (4096K)
 Metaspace       used 84389K, committed 85120K, reserved 1179648K
  class space    used 11665K, committed 12032K, reserved 1048576K
}
Event: 407.166 GC heap before
{Heap before GC invocations=66 (full 2):
 garbage-first heap   total 524288K, used 164903K [0x0000000701800000, 0x0000000800000000)
  region size 2048K, 40 young (81920K), 2 survivors (4096K)
 Metaspace       used 84390K, committed 85120K, reserved 1179648K
  class space    used 11665K, committed 12032K, reserved 1048576K
}
Event: 407.170 GC heap after
{Heap after GC invocations=67 (full 2):
 garbage-first heap   total 524288K, used 86986K [0x0000000701800000, 0x0000000800000000)
  region size 2048K, 2 young (4096K), 2 survivors (4096K)
 Metaspace       used 84390K, committed 85120K, reserved 1179648K
  class space    used 11665K, committed 12032K, reserved 1048576K
}
Event: 407.688 GC heap before
{Heap before GC invocations=67 (full 2):
 garbage-first heap   total 524288K, used 164810K [0x0000000701800000, 0x0000000800000000)
  region size 2048K, 40 young (81920K), 2 survivors (4096K)
 Metaspace       used 84392K, committed 85120K, reserved 1179648K
  class space    used 11665K, committed 12032K, reserved 1048576K
}
Event: 407.692 GC heap after
{Heap after GC invocations=68 (full 2):
 garbage-first heap   total 524288K, used 87060K [0x0000000701800000, 0x0000000800000000)
  region size 2048K, 2 young (4096K), 2 survivors (4096K)
 Metaspace       used 84392K, committed 85120K, reserved 1179648K
  class space    used 11665K, committed 12032K, reserved 1048576K
}
Event: 411.982 GC heap before
{Heap before GC invocations=68 (full 2):
 garbage-first heap   total 524288K, used 164884K [0x0000000701800000, 0x0000000800000000)
  region size 2048K, 40 young (81920K), 2 survivors (4096K)
 Metaspace       used 84470K, committed 85120K, reserved 1179648K
  class space    used 11665K, committed 12032K, reserved 1048576K
}
Event: 411.986 GC heap after
{Heap after GC invocations=69 (full 2):
 garbage-first heap   total 524288K, used 87464K [0x0000000701800000, 0x0000000800000000)
  region size 2048K, 2 young (4096K), 2 survivors (4096K)
 Metaspace       used 84470K, committed 85120K, reserved 1179648K
  class space    used 11665K, committed 12032K, reserved 1048576K
}
Event: 435.399 GC heap before
{Heap before GC invocations=69 (full 2):
 garbage-first heap   total 524288K, used 165288K [0x0000000701800000, 0x0000000800000000)
  region size 2048K, 40 young (81920K), 2 survivors (4096K)
 Metaspace       used 84514K, committed 85184K, reserved 1179648K
  class space    used 11674K, committed 12032K, reserved 1048576K
}
Event: 435.406 GC heap after
{Heap after GC invocations=70 (full 2):
 garbage-first heap   total 524288K, used 87489K [0x0000000701800000, 0x0000000800000000)
  region size 2048K, 2 young (4096K), 2 survivors (4096K)
 Metaspace       used 84514K, committed 85184K, reserved 1179648K
  class space    used 11674K, committed 12032K, reserved 1048576K
}
Event: 438.424 GC heap before
{Heap before GC invocations=70 (full 2):
 garbage-first heap   total 524288K, used 165313K [0x0000000701800000, 0x0000000800000000)
  region size 2048K, 40 young (81920K), 2 survivors (4096K)
 Metaspace       used 84530K, committed 85248K, reserved 1179648K
  class space    used 11674K, committed 12032K, reserved 1048576K
}
Event: 438.427 GC heap after
{Heap after GC invocations=71 (full 2):
 garbage-first heap   total 524288K, used 87309K [0x0000000701800000, 0x0000000800000000)
  region size 2048K, 2 young (4096K), 2 survivors (4096K)
 Metaspace       used 84530K, committed 85248K, reserved 1179648K
  class space    used 11674K, committed 12032K, reserved 1048576K
}
Event: 445.143 GC heap before
{Heap before GC invocations=71 (full 2):
 garbage-first heap   total 524288K, used 165133K [0x0000000701800000, 0x0000000800000000)
  region size 2048K, 40 young (81920K), 2 survivors (4096K)
 Metaspace       used 84534K, committed 85248K, reserved 1179648K
  class space    used 11674K, committed 12032K, reserved 1048576K
}
Event: 445.147 GC heap after
{Heap after GC invocations=72 (full 2):
 garbage-first heap   total 524288K, used 87432K [0x0000000701800000, 0x0000000800000000)
  region size 2048K, 2 young (4096K), 2 survivors (4096K)
 Metaspace       used 84534K, committed 85248K, reserved 1179648K
  class space    used 11674K, committed 12032K, reserved 1048576K
}
Event: 472.094 GC heap before
{Heap before GC invocations=72 (full 2):
 garbage-first heap   total 524288K, used 165256K [0x0000000701800000, 0x0000000800000000)
  region size 2048K, 40 young (81920K), 2 survivors (4096K)
 Metaspace       used 84573K, committed 85312K, reserved 1179648K
  class space    used 11674K, committed 12032K, reserved 1048576K
}
Event: 472.097 GC heap after
{Heap after GC invocations=73 (full 2):
 garbage-first heap   total 524288K, used 87925K [0x0000000701800000, 0x0000000800000000)
  region size 2048K, 2 young (4096K), 2 survivors (4096K)
 Metaspace       used 84573K, committed 85312K, reserved 1179648K
  class space    used 11674K, committed 12032K, reserved 1048576K
}
Event: 474.331 GC heap before
{Heap before GC invocations=73 (full 2):
 garbage-first heap   total 524288K, used 165749K [0x0000000701800000, 0x0000000800000000)
  region size 2048K, 40 young (81920K), 2 survivors (4096K)
 Metaspace       used 84644K, committed 85376K, reserved 1179648K
  class space    used 11680K, committed 12032K, reserved 1048576K
}
Event: 474.335 GC heap after
{Heap after GC invocations=74 (full 2):
 garbage-first heap   total 524288K, used 87422K [0x0000000701800000, 0x0000000800000000)
  region size 2048K, 2 young (4096K), 2 survivors (4096K)
 Metaspace       used 84644K, committed 85376K, reserved 1179648K
  class space    used 11680K, committed 12032K, reserved 1048576K
}

