# JRE version: OpenJDK Runtime Environment Temurin-17.0.7+7 (17.0.7+7) (build 17.0.7+7)
# Java VM: OpenJDK 64-Bit Server VM Temurin-17.0.7+7 (17.0.7+7, mixed mode, sharing, tiered, compressed oops, compressed class ptrs, g1 gc, windows-amd64)
GC Precious Log:
 CPUs: 16 total, 16 available
 Memory: 16060M
 Large Page Support: Disabled
 NUMA Support: Disabled
 Compressed Oops: Enabled (Zero based)
 Heap Region Size: 2M
 Heap Min Capacity: 512M
 Heap Initial Capacity: 512M
 Heap Max Capacity: 4072M
 Pre-touch: Disabled
 Parallel Workers: 13
 Concurrent Workers: 3
 Concurrent Refinement Workers: 13
 Periodic GC: Disabled
 String Deduplication is enabled
Heap:
 garbage-first heap   total 524288K, used 150512K [0x0000000701800000, 0x0000000800000000)
  region size 2048K, 31 young (63488K), 0 survivors (0K)
 Metaspace       used 82827K, committed 83456K, reserved 1179648K
  class space    used 11446K, committed 11776K, reserved 1048576K
GC Heap History (20 events):
Event: 110.711 GC heap before
{Heap before GC invocations=39 (full 17):
 garbage-first heap   total 524288K, used 86814K [0x0000000701800000, 0x0000000800000000)
  region size 2048K, 2 young (4096K), 0 survivors (0K)
 Metaspace       used 81926K, committed 82560K, reserved 1179648K
  class space    used 11375K, committed 11712K, reserved 1048576K
}
Event: 110.755 GC heap after
{Heap after GC invocations=40 (full 18):
 garbage-first heap   total 524288K, used 84759K [0x0000000701800000, 0x0000000800000000)
  region size 2048K, 0 young (0K), 0 survivors (0K)
 Metaspace       used 81926K, committed 82560K, reserved 1179648K
  class space    used 11375K, committed 11712K, reserved 1048576K
}
Event: 110.824 GC heap before
{Heap before GC invocations=40 (full 18):
 garbage-first heap   total 524288K, used 86807K [0x0000000701800000, 0x0000000800000000)
  region size 2048K, 2 young (4096K), 0 survivors (0K)
 Metaspace       used 81928K, committed 82560K, reserved 1179648K
  class space    used 11375K, committed 11712K, reserved 1048576K
}
Event: 110.869 GC heap after
{Heap after GC invocations=41 (full 19):
 garbage-first heap   total 524288K, used 84749K [0x0000000701800000, 0x0000000800000000)
  region size 2048K, 0 young (0K), 0 survivors (0K)
 Metaspace       used 81928K, committed 82560K, reserved 1179648K
  class space    used 11375K, committed 11712K, reserved 1048576K
}
Event: 111.216 GC heap before
{Heap before GC invocations=41 (full 19):
 garbage-first heap   total 524288K, used 86797K [0x0000000701800000, 0x0000000800000000)
  region size 2048K, 2 young (4096K), 0 survivors (0K)
 Metaspace       used 81929K, committed 82560K, reserved 1179648K
  class space    used 11375K, committed 11712K, reserved 1048576K
}
Event: 111.219 GC heap after
{Heap after GC invocations=42 (full 19):
 garbage-first heap   total 524288K, used 85216K [0x0000000701800000, 0x0000000800000000)
  region size 2048K, 1 young (2048K), 1 survivors (2048K)
 Metaspace       used 81929K, committed 82560K, reserved 1179648K
  class space    used 11375K, committed 11712K, reserved 1048576K
}
Event: 111.255 GC heap before
{Heap before GC invocations=42 (full 19):
 garbage-first heap   total 524288K, used 87264K [0x0000000701800000, 0x0000000800000000)
  region size 2048K, 3 young (6144K), 1 survivors (2048K)
 Metaspace       used 81935K, committed 82560K, reserved 1179648K
  class space    used 11375K, committed 11712K, reserved 1048576K
}
Event: 111.301 GC heap after
{Heap after GC invocations=43 (full 20):
 garbage-first heap   total 524288K, used 84749K [0x0000000701800000, 0x0000000800000000)
  region size 2048K, 0 young (0K), 0 survivors (0K)
 Metaspace       used 81935K, committed 82560K, reserved 1179648K
  class space    used 11375K, committed 11712K, reserved 1048576K
}
Event: 111.541 GC heap before
{Heap before GC invocations=43 (full 20):
 garbage-first heap   total 524288K, used 86797K [0x0000000701800000, 0x0000000800000000)
  region size 2048K, 2 young (4096K), 0 survivors (0K)
 Metaspace       used 81943K, committed 82560K, reserved 1179648K
  class space    used 11375K, committed 11712K, reserved 1048576K
}
Event: 111.544 GC heap after
{Heap after GC invocations=44 (full 20):
 garbage-first heap   total 524288K, used 84886K [0x0000000701800000, 0x0000000800000000)
  region size 2048K, 1 young (2048K), 1 survivors (2048K)
 Metaspace       used 81943K, committed 82560K, reserved 1179648K
  class space    used 11375K, committed 11712K, reserved 1048576K
}
Event: 111.574 GC heap before
{Heap before GC invocations=44 (full 20):
 garbage-first heap   total 524288K, used 86934K [0x0000000701800000, 0x0000000800000000)
  region size 2048K, 3 young (6144K), 1 survivors (2048K)
 Metaspace       used 81945K, committed 82560K, reserved 1179648K
  class space    used 11375K, committed 11712K, reserved 1048576K
}
Event: 111.619 GC heap after
{Heap after GC invocations=45 (full 21):
 garbage-first heap   total 524288K, used 84734K [0x0000000701800000, 0x0000000800000000)
  region size 2048K, 0 young (0K), 0 survivors (0K)
 Metaspace       used 81945K, committed 82560K, reserved 1179648K
  class space    used 11375K, committed 11712K, reserved 1048576K
}
Event: 111.860 GC heap before
{Heap before GC invocations=45 (full 21):
 garbage-first heap   total 524288K, used 88830K [0x0000000701800000, 0x0000000800000000)
  region size 2048K, 3 young (6144K), 0 survivors (0K)
 Metaspace       used 81956K, committed 82624K, reserved 1179648K
  class space    used 11375K, committed 11712K, reserved 1048576K
}
Event: 111.907 GC heap after
{Heap after GC invocations=46 (full 22):
 garbage-first heap   total 524288K, used 84711K [0x0000000701800000, 0x0000000800000000)
  region size 2048K, 0 young (0K), 0 survivors (0K)
 Metaspace       used 81956K, committed 82624K, reserved 1179648K
  class space    used 11375K, committed 11712K, reserved 1048576K
}
Event: 112.227 GC heap before
{Heap before GC invocations=46 (full 22):
 garbage-first heap   total 524288K, used 86759K [0x0000000701800000, 0x0000000800000000)
  region size 2048K, 2 young (4096K), 0 survivors (0K)
 Metaspace       used 81959K, committed 82624K, reserved 1179648K
  class space    used 11375K, committed 11712K, reserved 1048576K
}
Event: 112.274 GC heap after
{Heap after GC invocations=47 (full 23):
 garbage-first heap   total 524288K, used 84754K [0x0000000701800000, 0x0000000800000000)
  region size 2048K, 0 young (0K), 0 survivors (0K)
 Metaspace       used 81959K, committed 82624K, reserved 1179648K
  class space    used 11375K, committed 11712K, reserved 1048576K
}
Event: 112.309 GC heap before
{Heap before GC invocations=47 (full 23):
 garbage-first heap   total 524288K, used 86802K [0x0000000701800000, 0x0000000800000000)
  region size 2048K, 2 young (4096K), 0 survivors (0K)
 Metaspace       used 81965K, committed 82624K, reserved 1179648K
  class space    used 11375K, committed 11712K, reserved 1048576K
}
Event: 112.351 GC heap after
{Heap after GC invocations=48 (full 24):
 garbage-first heap   total 524288K, used 84763K [0x0000000701800000, 0x0000000800000000)
  region size 2048K, 0 young (0K), 0 survivors (0K)
 Metaspace       used 81965K, committed 82624K, reserved 1179648K
  class space    used 11375K, committed 11712K, reserved 1048576K
}
Event: 114.539 GC heap before
{Heap before GC invocations=48 (full 24):
 garbage-first heap   total 524288K, used 146203K [0x0000000701800000, 0x0000000800000000)
  region size 2048K, 29 young (59392K), 0 survivors (0K)
 Metaspace       used 82056K, committed 82688K, reserved 1179648K
  class space    used 11377K, committed 11712K, reserved 1048576K
}
Event: 114.586 GC heap after
{Heap after GC invocations=49 (full 25):
 garbage-first heap   total 524288K, used 84976K [0x0000000701800000, 0x0000000800000000)
  region size 2048K, 0 young (0K), 0 survivors (0K)
 Metaspace       used 82056K, committed 82688K, reserved 1179648K
  class space    used 11377K, committed 11712K, reserved 1048576K
}

