# JRE version: OpenJDK Runtime Environment Temurin-17.0.7+7 (17.0.7+7) (build 17.0.7+7)
# Java VM: OpenJDK 64-Bit Server VM Temurin-17.0.7+7 (17.0.7+7, mixed mode, sharing, tiered, compressed oops, compressed class ptrs, g1 gc, windows-amd64)
GC Precious Log:
 CPUs: 16 total, 16 available
 Memory: 16060M
 Large Page Support: Disabled
 NUMA Support: Disabled
 Compressed Oops: Enabled (Zero based)
 Heap Region Size: 2M
 Heap Min Capacity: 512M
 Heap Initial Capacity: 512M
 Heap Max Capacity: 4072M
 Pre-touch: Disabled
 Parallel Workers: 13
 Concurrent Workers: 3
 Concurrent Refinement Workers: 13
 Periodic GC: Disabled
 String Deduplication is enabled
Heap:
 garbage-first heap   total 526336K, used 178723K [0x0000000701800000, 0x0000000800000000)
  region size 2048K, 13 young (26624K), 1 survivors (2048K)
 Metaspace       used 102946K, committed 103744K, reserved 1179648K
  class space    used 14401K, committed 14784K, reserved 1048576K
GC Heap History (20 events):
Event: 3047.499 GC heap before
{Heap before GC invocations=420 (full 219):
 garbage-first heap   total 526336K, used 153351K [0x0000000701800000, 0x0000000800000000)
  region size 2048K, 2 young (4096K), 0 survivors (0K)
 Metaspace       used 102853K, committed 103552K, reserved 1179648K
  class space    used 14383K, committed 14720K, reserved 1048576K
}
Event: 3047.578 GC heap after
{Heap after GC invocations=421 (full 220):
 garbage-first heap   total 526336K, used 151258K [0x0000000701800000, 0x0000000800000000)
  region size 2048K, 0 young (0K), 0 survivors (0K)
 Metaspace       used 102853K, committed 103552K, reserved 1179648K
  class space    used 14383K, committed 14720K, reserved 1048576K
}
Event: 3049.180 GC heap before
{Heap before GC invocations=421 (full 220):
 garbage-first heap   total 526336K, used 184026K [0x0000000701800000, 0x0000000800000000)
  region size 2048K, 17 young (34816K), 0 survivors (0K)
 Metaspace       used 102853K, committed 103552K, reserved 1179648K
  class space    used 14383K, committed 14720K, reserved 1048576K
}
Event: 3049.251 GC heap after
{Heap after GC invocations=422 (full 221):
 garbage-first heap   total 526336K, used 151274K [0x0000000701800000, 0x0000000800000000)
  region size 2048K, 0 young (0K), 0 survivors (0K)
 Metaspace       used 102853K, committed 103552K, reserved 1179648K
  class space    used 14383K, committed 14720K, reserved 1048576K
}
Event: 3049.740 GC heap before
{Heap before GC invocations=422 (full 221):
 garbage-first heap   total 526336K, used 173802K [0x0000000701800000, 0x0000000800000000)
  region size 2048K, 12 young (24576K), 0 survivors (0K)
 Metaspace       used 102853K, committed 103552K, reserved 1179648K
  class space    used 14383K, committed 14720K, reserved 1048576K
}
Event: 3049.816 GC heap after
{Heap after GC invocations=423 (full 222):
 garbage-first heap   total 526336K, used 151316K [0x0000000701800000, 0x0000000800000000)
  region size 2048K, 0 young (0K), 0 survivors (0K)
 Metaspace       used 102853K, committed 103552K, reserved 1179648K
  class space    used 14383K, committed 14720K, reserved 1048576K
}
Event: 3050.333 GC heap before
{Heap before GC invocations=423 (full 222):
 garbage-first heap   total 526336K, used 157460K [0x0000000701800000, 0x0000000800000000)
  region size 2048K, 4 young (8192K), 0 survivors (0K)
 Metaspace       used 102853K, committed 103552K, reserved 1179648K
  class space    used 14383K, committed 14720K, reserved 1048576K
}
Event: 3050.425 GC heap after
{Heap after GC invocations=424 (full 223):
 garbage-first heap   total 526336K, used 151355K [0x0000000701800000, 0x0000000800000000)
  region size 2048K, 0 young (0K), 0 survivors (0K)
 Metaspace       used 102853K, committed 103552K, reserved 1179648K
  class space    used 14383K, committed 14720K, reserved 1048576K
}
Event: 3050.825 GC heap before
{Heap before GC invocations=424 (full 223):
 garbage-first heap   total 526336K, used 155451K [0x0000000701800000, 0x0000000800000000)
  region size 2048K, 3 young (6144K), 0 survivors (0K)
 Metaspace       used 102859K, committed 103616K, reserved 1179648K
  class space    used 14383K, committed 14720K, reserved 1048576K
}
Event: 3050.907 GC heap after
{Heap after GC invocations=425 (full 224):
 garbage-first heap   total 526336K, used 151332K [0x0000000701800000, 0x0000000800000000)
  region size 2048K, 0 young (0K), 0 survivors (0K)
 Metaspace       used 102859K, committed 103616K, reserved 1179648K
  class space    used 14383K, committed 14720K, reserved 1048576K
}
Event: 3051.256 GC heap before
{Heap before GC invocations=425 (full 224):
 garbage-first heap   total 526336K, used 155428K [0x0000000701800000, 0x0000000800000000)
  region size 2048K, 3 young (6144K), 0 survivors (0K)
 Metaspace       used 102860K, committed 103616K, reserved 1179648K
  class space    used 14383K, committed 14720K, reserved 1048576K
}
Event: 3051.352 GC heap after
{Heap after GC invocations=426 (full 225):
 garbage-first heap   total 526336K, used 151329K [0x0000000701800000, 0x0000000800000000)
  region size 2048K, 0 young (0K), 0 survivors (0K)
 Metaspace       used 102860K, committed 103616K, reserved 1179648K
  class space    used 14383K, committed 14720K, reserved 1048576K
}
Event: 3051.647 GC heap before
{Heap before GC invocations=426 (full 225):
 garbage-first heap   total 526336K, used 155425K [0x0000000701800000, 0x0000000800000000)
  region size 2048K, 3 young (6144K), 0 survivors (0K)
 Metaspace       used 102860K, committed 103616K, reserved 1179648K
  class space    used 14383K, committed 14720K, reserved 1048576K
}
Event: 3051.729 GC heap after
{Heap after GC invocations=427 (full 226):
 garbage-first heap   total 526336K, used 151361K [0x0000000701800000, 0x0000000800000000)
  region size 2048K, 0 young (0K), 0 survivors (0K)
 Metaspace       used 102860K, committed 103616K, reserved 1179648K
  class space    used 14383K, committed 14720K, reserved 1048576K
}
Event: 3052.969 GC heap before
{Heap before GC invocations=427 (full 226):
 garbage-first heap   total 526336K, used 165697K [0x0000000701800000, 0x0000000800000000)
  region size 2048K, 8 young (16384K), 0 survivors (0K)
 Metaspace       used 102943K, committed 103744K, reserved 1179648K
  class space    used 14401K, committed 14784K, reserved 1048576K
}
Event: 3053.044 GC heap after
{Heap after GC invocations=428 (full 227):
 garbage-first heap   total 526336K, used 151479K [0x0000000701800000, 0x0000000800000000)
  region size 2048K, 0 young (0K), 0 survivors (0K)
 Metaspace       used 102943K, committed 103744K, reserved 1179648K
  class space    used 14401K, committed 14784K, reserved 1048576K
}
Event: 3054.964 GC heap before
{Heap before GC invocations=428 (full 227):
 garbage-first heap   total 526336K, used 180151K [0x0000000701800000, 0x0000000800000000)
  region size 2048K, 13 young (26624K), 0 survivors (0K)
 Metaspace       used 102944K, committed 103744K, reserved 1179648K
  class space    used 14401K, committed 14784K, reserved 1048576K
}
Event: 3055.038 GC heap after
{Heap after GC invocations=429 (full 228):
 garbage-first heap   total 526336K, used 151556K [0x0000000701800000, 0x0000000800000000)
  region size 2048K, 0 young (0K), 0 survivors (0K)
 Metaspace       used 102944K, committed 103744K, reserved 1179648K
  class space    used 14401K, committed 14784K, reserved 1048576K
}
Event: 3057.959 GC heap before
{Heap before GC invocations=429 (full 228):
 garbage-first heap   total 526336K, used 237572K [0x0000000701800000, 0x0000000800000000)
  region size 2048K, 40 young (81920K), 0 survivors (0K)
 Metaspace       used 102945K, committed 103744K, reserved 1179648K
  class space    used 14401K, committed 14784K, reserved 1048576K
}
Event: 3057.964 GC heap after
{Heap after GC invocations=430 (full 228):
 garbage-first heap   total 526336K, used 156195K [0x0000000701800000, 0x0000000800000000)
  region size 2048K, 1 young (2048K), 1 survivors (2048K)
 Metaspace       used 102945K, committed 103744K, reserved 1179648K
  class space    used 14401K, committed 14784K, reserved 1048576K
}

